churn_library - INFO - Directory ./logs already exists.
churn_script_logging_and_tests - INFO - Testing bank_data: SUCCESS
churn_library - INFO - Directory ./logs already exists.
churn_script_logging_and_tests - INFO - Testing bank_data: SUCCESS
churn_library - INFO - Directory ./images/eda Created.
churn_library - INFO - Directory ./logs already exists.
churn_script_logging_and_tests - INFO - Testing bank_data: SUCCESS
churn_library - INFO - Directory ./logs already exists.
churn_script_logging_and_tests - INFO - Testing bank_data: SUCCESS
churn_library - INFO - Directory ./logs already exists.
churn_script_logging_and_tests - INFO - Testing bank_data: SUCCESS
churn_library - INFO - Directory ./images/results Created.
churn_library - INFO - Directory ./models already exists.
churn_library - INFO - random forest results
churn_library - INFO - test results
churn_library - INFO -               precision    recall  f1-score   support

           0       0.95      0.99      0.97      2543
           1       0.94      0.76      0.84       496

    accuracy                           0.95      3039
   macro avg       0.95      0.87      0.91      3039
weighted avg       0.95      0.95      0.95      3039

churn_library - INFO - train results
churn_library - INFO -               precision    recall  f1-score   support

           0       1.00      1.00      1.00      5957
           1       1.00      1.00      1.00      1131

    accuracy                           1.00      7088
   macro avg       1.00      1.00      1.00      7088
weighted avg       1.00      1.00      1.00      7088

churn_library - INFO - logistic regression results
churn_library - INFO - test results
churn_library - INFO -               precision    recall  f1-score   support

           0       0.90      0.97      0.93      2543
           1       0.74      0.45      0.56       496

    accuracy                           0.88      3039
   macro avg       0.82      0.71      0.75      3039
weighted avg       0.87      0.88      0.87      3039

churn_library - INFO - train results
churn_library - INFO -               precision    recall  f1-score   support

           0       0.91      0.97      0.94      5957
           1       0.75      0.51      0.61      1131

    accuracy                           0.89      7088
   macro avg       0.83      0.74      0.77      7088
weighted avg       0.89      0.89      0.89      7088

